<?xml version="1.0" encoding="utf-8"?><testsuites name="pytest tests"><testsuite name="pytest" errors="0" failures="0" skipped="0" tests="31" time="34.352" timestamp="2026-07-29T13:29:03.924936+00:00" hostname="agent-env-b08af352-0e8f-43dc-b673-73c05326803c"><testcase classname="tests.backend_test.TestBasic" name="test_root" time="0.224" /><testcase classname="tests.backend_test.TestInfo" name="test_info_endpoints[/social/monitor-posts]" time="0.290" /><testcase classname="tests.backend_test.TestBasic" name="test_overview_stats" time="0.046" /><testcase classname="tests.backend_test.TestBasic" name="test_alerts_ticker" time="0.045" /><testcase classname="tests.backend_test.TestInfo" name="test_info_endpoints[/weather-weather]" time="0.067" /><testcase classname="tests.backend_test.TestBasic" name="test_regions" time="0.086" /><testcase classname="tests.backend_test.TestInfo" name="test_info_endpoints[/medical/outbreak-predictions]" time="0.116" /><testcase classname="tests.backend_test.TestBasic" name="test_map_data" time="0.046" /><testcase classname="tests.backend_test.TestPredictions" name="test_prediction_region" time="0.047" /><testcase classname="tests.backend_test.TestInfo" name="test_info_endpoints[/economic-loss-loss]" time="0.066" /><testcase classname="tests.backend_test.TestPredictions" name="test_predictions_all" time="0.044" /><testcase classname="tests.backend_test.TestInfo" name="test_info_endpoints[/preparedness-guide]" time="0.059" /><testcase classname="tests.backend_test.TestPredictions" name="test_prediction_explain_ai" time="7.709" /><testcase classname="tests.backend_test.TestInfo" name="test_info_endpoints[/emergency-contacts-contacts]" time="0.105" /><testcase classname="tests.backend_test.TestInfo" name="test_info_endpoints[/drones-drones]" time="0.057" /><testcase classname="tests.backend_test.TestInfo" name="test_info_endpoints[/family-registry-registry]" time="0.060" /><testcase classname="tests.backend_test.TestAIVision" name="test_damage_estimate" time="7.938" /><testcase classname="tests.backend_test.TestPredictions" name="test_warning_generate_ai" time="6.181" /><testcase classname="tests.backend_test.TestAIVision" name="test_water_depth" time="3.302" /><testcase classname="tests.backend_test.TestAIVision" name="test_image_classify" time="2.293" /><testcase classname="tests.backend_test.TestResources" name="test_resources_list" time="0.108" /><testcase classname="tests.backend_test.TestOps" name="test_shelter_recommend" time="0.058" /><testcase classname="tests.backend_test.TestResources" name="test_resources_optimize_ai" time="11.750" /><testcase classname="tests.backend_test.TestOps" name="test_rescue_route" time="0.047" /><testcase classname="tests.backend_test.TestOps" name="test_simulation_flood" time="0.051" /><testcase classname="tests.backend_test.TestVolunteers" name="test_get_volunteers" time="0.043" /><testcase classname="tests.backend_test.TestVolunteers" name="test_register_volunteer" time="0.106" /><testcase classname="tests.backend_test.TestChatAndFake" name="test_fakenews" time="9.777" /><testcase classname="tests.backend_test.TestChatAndFake" name="test_chat_message" time="9.319" /><testcase classname="tests.backend_test.TestIncidents" name="test_incidents_sorted" time="0.073" /><testcase classname="tests.backend_test.TestIncidents" name="test_sos_create_and_list" time="0.142" /></testsuite></testsuites>